Arguments: 
  C:\Program Files\nodejs\node.exe C:\Users\yanni\AppData\Roaming\npm\node_modules\yarn\bin\yarn.js add @react-navigation/n

PATH: 
  C:\Python310\Scripts\;C:\Python310\;C:\Windows\system32;C:\Windows;C:\Windows\System32\Wbem;C:\Windows\System32\WindowsPowerShell\v1.0\;C:\Windows\System32\OpenSSH\;C:\Program Files (x86)\NVIDIA Corporation\PhysX\Common;C:\Program Files\NVIDIA Corporation\NVIDIA NvDLISR;C:\WINDOWS\system32;C:\WINDOWS;C:\WINDOWS\System32\Wbem;C:\WINDOWS\System32\WindowsPowerShell\v1.0\;C:\WINDOWS\System32\OpenSSH\;C:\Program Files\Git\cmd;C:\Program Files\nodejs\;C:\ProgramData\chocolatey\bin;C:\Program Files\Microsoft SQL Server\Client SDK\ODBC\170\Tools\Binn\;C:\Program Files\Microsoft SQL Server\150\Tools\Binn\;C:\Program Files\dotnet\;C:\Program Files\Docker\Docker\resources\bin;C:\Users\yanni\AppData\Local\Microsoft\WindowsApps;;C:\Users\yanni\AppData\Local\Programs\Microsoft VS Code\bin;C:\Users\yanni\AppData\Roaming\npm;C:\Users\yanni\.dotnet\tools

Yarn version: 
  1.22.19

Node version: 
  16.18.0

Platform: 
  win32 x64

Trace: 
  Error: https://registry.yarnpkg.com/@react-navigation%2fn: Not found
      at Request.params.callback [as _callback] (C:\Users\yanni\AppData\Roaming\npm\node_modules\yarn\lib\cli.js:66145:18)
      at Request.self.callback (C:\Users\yanni\AppData\Roaming\npm\node_modules\yarn\lib\cli.js:140890:22)
      at Request.emit (node:events:513:28)
      at Request.<anonymous> (C:\Users\yanni\AppData\Roaming\npm\node_modules\yarn\lib\cli.js:141862:10)
      at Request.emit (node:events:513:28)
      at IncomingMessage.<anonymous> (C:\Users\yanni\AppData\Roaming\npm\node_modules\yarn\lib\cli.js:141784:12)
      at Object.onceWrapper (node:events:627:28)
      at IncomingMessage.emit (node:events:525:35)
      at endReadableNT (node:internal/streams/readable:1358:12)
      at processTicksAndRejections (node:internal/process/task_queues:83:21)

npm manifest: 
  {
    "name": "sem7-repo",
    "version": "1.0.0",
    "main": "node_modules/expo/AppEntry.js",
    "scripts": {
      "start": "expo start",
      "android": "expo start --android",
      "ios": "expo start --ios",
      "web": "expo start --web"
    },
    "dependencies": {
      "@expo-google-fonts/poppins": "^0.2.2",
      "@expo/html-elements": "^0.2.2",
      "@expo/webpack-config": "^0.17.0",
      "@react-navigation/bottom-tabs": "^6.4.0",
      "@react-navigation/native": "^6.0.13",
      "@react-navigation/native-stack": "^6.9.1",
      "@types/react": "~18.0.0",
      "@types/react-native": "~0.69.1",
      "@vaadin/vaadin": "^23.2.5",
      "expo": "~46.0.16",
      "expo-device": "~4.3.0",
      "expo-font": "~10.2.0",
      "expo-notifications": "^0.16.1",
      "expo-permissions": "~13.2.0",
      "expo-status-bar": "~1.4.0",
      "expo-updates": "~0.14.7",
      "react": "18.0.0",
      "react-dom": "18.0.0",
      "react-native": "0.69.6",
      "react-native-msal": "^4.0.4",
      "react-native-paper": "^5.0.0-rc.6",
      "react-native-web": "~0.18.7",
      "sharp-cli": "^3.0.0",
      "typescript": "^4.6.3",
      "expo-linking": "~3.2.2",
      "expo-web-browser": "~11.0.0"
    },
    "devDependencies": {
      "@babel/core": "^7.12.9"
    },
    "private": true
  }

yarn manifest: 
  No manifest

Lockfile: 
  No lockfile
